<?xml version="1.0" encoding="UTF-8"?>
<!-- Generated by org.testng.reporters.JUnitXMLReporter -->
<testsuite ignored="0" hostname="ATMECSBLRLT-095" failures="0" tests="4" name="Default test" time="17.123" errors="0" timestamp="21 Apr 2021 12:41:19 GMT">
  <testcase classname="com.alert.script.AlertScript" name="excelInitiation" time="1.514"/>
  <testcase classname="com.alert.script.AlertScript" name="findHeaderCell" time="0.041"/>
  <testcase classname="com.alert.script.AlertScript" name="findGivenDataRow" time="0.014"/>
  <testcase classname="com.alert.script.AlertScript" name="find" time="1.115"/>
</testsuite> <!-- Default test -->
